<?xml version="1.0" encoding="UTF-8"?>
<testsuite xmlns:xsi="http://www.w3.org/2001/XMLSchema-instance" xsi:noNamespaceSchemaLocation="https://maven.apache.org/surefire/maven-surefire-plugin/xsd/surefire-test-report-3.0.xsd" version="3.0" name="TestSuite" time="19.028" tests="1" errors="0" skipped="0" failures="0">
  <properties>
[...]
</properties>
  <testcase name="runScenario[&quot;Varify the Searchtype list&quot;, &quot;Functionality of Home Page&quot;](1)" classname="cucumber.TestNGTestRunner" time="16.925">
    <system-out><![CDATA[beca0ac5-8066-4df2-90b7-4ad0567ee30d
beca0ac580664df290b74ad0567ee30d
Request method:	POST
Request URI:	https://192.168.1.211:443/appauth
Proxy:			<none>
Request params:	<none>
Query params:	<none>
Form params:	<none>
Path params:	<none>
Headers:		Accept=*/*
				Content-Type=application/json
Cookies:		<none>
Multiparts:		<none>
Body:
{
    "appCode": "SAKSHAM",
    "secreteKey": "+VlUu8ffrgeQwGEEWG4pR80dW/IRZzoEFWla6l4cC8M=",
    "uniqueId": "beca0ac580664df290b74ad0567ee30d",
    "requestTime": "1724392746088"
}
HTTP/1.1 200 OK
Server: nginx
Date: Fri, 23 Aug 2024 05:58:09 GMT
Content-Type: application/json
Transfer-Encoding: chunked
Connection: keep-alive
Vary: Accept-Encoding
Vary: Accept-Encoding
vary: Origin,Access-Control-Request-Method,Access-Control-Request-Headers
x-envoy-upstream-service-time: 613
Strict-Transport-Security: max-age=63072000; includeSubdomains
X-Frame-Options: DENY
X-Content-Type-Options: nosniff
X-XSS-Protection: 1; mode=block
X-Frame-Options: SAMEORIGIN
Content-Security-Policy: default-src 'self'; font-src *;img-src * data:; script-src *; style-src *
Cache-Control: no-cache,no-store,max-age=3150000
Strict-Transport-Security: max-age=63072000; includeSubdomains
X-Frame-Options: DENY
X-Content-Type-Options: nosniff
X-XSS-Protection: 1; mode=block
X-Frame-Options: SAMEORIGIN
Content-Security-Policy: default-src 'self'; font-src *;img-src * data:; script-src *; style-src *
Cache-Control: no-cache,no-store,max-age=3150000
Content-Encoding: gzip

{
    "key": "{\"kty\":\"RSA\",\"e\":\"AQAB\",\"use\":\"enc\",\"kid\":\"1a0b4f65-3fa9-469e-8922-49579dd4e20a\",\"alg\":\"RSA-OAEP-256\",\"n\":\"oI-4B29dDIPjifh-kUStNsbGK4EcwRhzFOhFoJfhyEOGwByINcSamU_snJM3PWIMq39jZ1ZA1i0WAsLtATG_D2K6FFJ7qwLy17_OoFXy0h_486iZChswreVdxqbqWlioMemYhooU_LAUSceMYr3gacQEW76DOOBpxpRX_QoqMFw9d8RnbCL-bVEYpAjjR_e2Ja8JvbnMq9qiLahq6DczK8B84sC6JH8FbfLoSeFwvPlLdHSxzywmsmulDemaA7SBpVySne3gR49ihPmbps6WwXyXB4yIdXssEW02t9EcB45ymYIxPq3WeykcSMEYoN49HWMsk7MLBoZYbrX8zjmOMQ\"}",
    "message": null,
    "result": true,
    "uniqueId": "beca0ac580664df290b74ad0567ee30d",
    "requestTime": null,
    "userDto": null,
    "searchVisiblity": false,
    "sessioninfo": null,
    "appcode": null,
    "sid": false
}
test ng kaleidoscope :{"key":"{\"kty\":\"RSA\",\"e\":\"AQAB\",\"use\":\"enc\",\"kid\":\"1a0b4f65-3fa9-469e-8922-49579dd4e20a\",\"alg\":\"RSA-OAEP-256\",\"n\":\"oI-4B29dDIPjifh-kUStNsbGK4EcwRhzFOhFoJfhyEOGwByINcSamU_snJM3PWIMq39jZ1ZA1i0WAsLtATG_D2K6FFJ7qwLy17_OoFXy0h_486iZChswreVdxqbqWlioMemYhooU_LAUSceMYr3gacQEW76DOOBpxpRX_QoqMFw9d8RnbCL-bVEYpAjjR_e2Ja8JvbnMq9qiLahq6DczK8B84sC6JH8FbfLoSeFwvPlLdHSxzywmsmulDemaA7SBpVySne3gR49ihPmbps6WwXyXB4yIdXssEW02t9EcB45ymYIxPq3WeykcSMEYoN49HWMsk7MLBoZYbrX8zjmOMQ\"}","message":null,"result":true,"uniqueId":"beca0ac580664df290b74ad0567ee30d","requestTime":null,"userDto":null,"searchVisiblity":false,"sessioninfo":null,"appcode":null,"sid":false}
publicKey {"kty":"RSA","e":"AQAB","use":"enc","kid":"1a0b4f65-3fa9-469e-8922-49579dd4e20a","alg":"RSA-OAEP-256","n":"oI-4B29dDIPjifh-kUStNsbGK4EcwRhzFOhFoJfhyEOGwByINcSamU_snJM3PWIMq39jZ1ZA1i0WAsLtATG_D2K6FFJ7qwLy17_OoFXy0h_486iZChswreVdxqbqWlioMemYhooU_LAUSceMYr3gacQEW76DOOBpxpRX_QoqMFw9d8RnbCL-bVEYpAjjR_e2Ja8JvbnMq9qiLahq6DczK8B84sC6JH8FbfLoSeFwvPlLdHSxzywmsmulDemaA7SBpVySne3gR49ihPmbps6WwXyXB4yIdXssEW02t9EcB45ymYIxPq3WeykcSMEYoN49HWMsk7MLBoZYbrX8zjmOMQ"}
uniqueId beca0ac580664df290b74ad0567ee30d
session session=beca0ac580664df290b74ad0567ee30d1724392742312
data &data=nGxSK7cUHIy1TaJFt+AQM7eXHI1HHw9VpRxCqQ4tnQGFH3w21y7NPTH7qZmgQkslwVgX6O8DVuxgEtn1a68xmrd+DxTMD6fDI2BcFTQTxHtJR77QAn3BO0YDi1UeHhVevRTGObjHXxbhBg8NyeztHFNKZ058GOYPdkj7/napzSoJjUxvxedZvsVIg3g/cILEpwiJ0zx2hLLXe1bSGW9tyZKM6CQj5ujouie2QVXs54a3O9UCO7FUAKkusTUhd/TgGFgzJ2go6bwexNwG5By37iZuRUNDIrZkk4Dpx7vtWJvAG7hmGPT0mVqVsqQrFnrb2x9ppdwphzU9bBxdya/dKKB7WIYCp3qZp/IPmxhsefx7C8TaN5V8PkS9xHomj4cjRRWlh/KSmlyOtl/4F0FyoWX5NovFl5GO+cszgg7gPeU=
final url :https://192.168.1.211/kaleidoscope-new/autologin?session=beca0ac580664df290b74ad0567ee30d1724392742312&authKey=eyJlbmMiOiJBMjU2R0NNIiwiYWxnIjoiUlNBLU9BRVAtMjU2In0.Cw12G91v9J_JZXvX_vFCAjyu3l7QypsOMDkVDHWwpONq10iWE7qbIvmpHfQtKUqyCKLvlLMbj9bsIu-aJChjFgavb3UKfvOGb44XDxVbjhvlf_OkVjaH9Shdc30r5C1vyAReX0V7RrmuSZaelpHorPXzp0ybfaId14WOnjFT8LRc6z2jOSau8BqPicCFrF1QwzOroTO4nDHpTpaOcBqmZ2A1ChS8ckazJWv3-96ETKSaUsg-AJHDCeVarml-lh8U4IGao4lFaj7TNLnmpHppudKQ9LPt26Vg8nPawSKbGlJ5QSqr7CHilRlBIUYA7omylfiyQbYMHMnIKWYHpO90Hg.JswQy8LX-D76dywX.OcKiMZoU-aKFgJL_1wgqOGoSV45DG4HmXksHitCw4ytkA_iPa0-U.YN6t3n2Z6u0FmnCiN8fdwQ&data=nGxSK7cUHIy1TaJFt+AQM7eXHI1HHw9VpRxCqQ4tnQGFH3w21y7NPTH7qZmgQkslwVgX6O8DVuxgEtn1a68xmrd+DxTMD6fDI2BcFTQTxHtJR77QAn3BO0YDi1UeHhVevRTGObjHXxbhBg8NyeztHFNKZ058GOYPdkj7/napzSoJjUxvxedZvsVIg3g/cILEpwiJ0zx2hLLXe1bSGW9tyZKM6CQj5ujouie2QVXs54a3O9UCO7FUAKkusTUhd/TgGFgzJ2go6bwexNwG5By37iZuRUNDIrZkk4Dpx7vtWJvAG7hmGPT0mVqVsqQrFnrb2x9ppdwphzU9bBxdya/dKKB7WIYCp3qZp/IPmxhsefx7C8TaN5V8PkS9xHomj4cjRRWlh/KSmlyOtl/4F0FyoWX5NovFl5GO+cszgg7gPeU=
]]></system-out>
    <system-err><![CDATA[SLF4J: Failed to load class "org.slf4j.impl.StaticLoggerBinder".
SLF4J: Defaulting to no-operation (NOP) logger implementation
SLF4J: See http://www.slf4j.org/codes.html#StaticLoggerBinder for further details.
Aug 23, 2024 11:29:05 AM org.openqa.selenium.devtools.CdpVersionFinder findNearestMatch
WARNING: Unable to find CDP implementation matching 128
Aug 23, 2024 11:29:05 AM org.openqa.selenium.chromium.ChromiumDriver lambda$new$5
WARNING: Unable to find version of CDP to use for 128.0.6613.84. You may need to include a dependency on a specific version of the CDP using something similar to `org.seleniumhq.selenium:selenium-devtools-v86:4.15.0` where the version ("v86") matches the version of the chromium-based browser you're using and the version number of the artifact is the same as Selenium's.
]]></system-err>
  </testcase>
</testsuite>